<?xml version="1.0" encoding="UTF-8"?>
<!-- Generated by org.testng.reporters.JUnitXMLReporter -->
<testsuite ignored="1" hostname="DESKTOP-KU8UC7G" failures="1" tests="2" name="Test" time="50.607" errors="0" timestamp="2021-11-28T20:51:18 IST">
  <testcase classname="com.learnautomation.hybrid.testcases.LoginTest" name="loginTest" time="4.587"/>
  <testcase classname="com.learnautomation.hybrid.testcases.LoginTest" name="createAccountNew" time="36.849">
    <failure type="org.openqa.selenium.TimeoutException" message="Expected condition failed: waiting for element to be clickable: By.xpath: //*[contains(text(),&amp;apos;Successfully Saved&amp;apos;) and @class] (tried for 30 second(s) with 500 milliseconds interval)
Build info: version: &amp;apos;4.0.0&amp;apos;, revision: &amp;apos;3a21814679&amp;apos;
System info: host: &amp;apos;DESKTOP-KU8UC7G&amp;apos;, ip: &amp;apos;192.168.47.224&amp;apos;, os.name: &amp;apos;Windows 10&amp;apos;, os.arch: &amp;apos;amd64&amp;apos;, os.version: &amp;apos;10.0&amp;apos;, java.version: &amp;apos;15.0.2&amp;apos;
Driver info: org.openqa.selenium.chrome.ChromeDriver
Capabilities {acceptInsecureCerts: false, browserName: chrome, browserVersion: 96.0.4664.45, chrome: {chromedriverVersion: 96.0.4664.45 (76e4c1bb2ab46..., userDataDir: C:\Users\Pradip\AppData\Loc...}, goog:chromeOptions: {debuggerAddress: localhost:50672}, javascriptEnabled: true, networkConnectionEnabled: false, pageLoadStrategy: normal, platform: WINDOWS, platformName: WINDOWS, proxy: Proxy(), se:cdp: ws://localhost:50672/devtoo..., se:cdpVersion: 96.0.4664.45, setWindowRect: true, strictFileInteractability: false, timeouts: {implicit: 0, pageLoad: 300000, script: 30000}, unhandledPromptBehavior: dismiss and notify, webauthn:extension:credBlob: true, webauthn:extension:largeBlob: true, webauthn:virtualAuthenticators: true}
Session ID: 84706158f5376c5fe9539178a2709e20">
      <![CDATA[org.openqa.selenium.TimeoutException: Expected condition failed: waiting for element to be clickable: By.xpath: //*[contains(text(),'Successfully Saved') and @class] (tried for 30 second(s) with 500 milliseconds interval)
Build info: version: '4.0.0', revision: '3a21814679'
System info: host: 'DESKTOP-KU8UC7G', ip: '192.168.47.224', os.name: 'Windows 10', os.arch: 'amd64', os.version: '10.0', java.version: '15.0.2'
Driver info: org.openqa.selenium.chrome.ChromeDriver
Capabilities {acceptInsecureCerts: false, browserName: chrome, browserVersion: 96.0.4664.45, chrome: {chromedriverVersion: 96.0.4664.45 (76e4c1bb2ab46..., userDataDir: C:\Users\Pradip\AppData\Loc...}, goog:chromeOptions: {debuggerAddress: localhost:50672}, javascriptEnabled: true, networkConnectionEnabled: false, pageLoadStrategy: normal, platform: WINDOWS, platformName: WINDOWS, proxy: Proxy(), se:cdp: ws://localhost:50672/devtoo..., se:cdpVersion: 96.0.4664.45, setWindowRect: true, strictFileInteractability: false, timeouts: {implicit: 0, pageLoad: 300000, script: 30000}, unhandledPromptBehavior: dismiss and notify, webauthn:extension:credBlob: true, webauthn:extension:largeBlob: true, webauthn:virtualAuthenticators: true}
Session ID: 84706158f5376c5fe9539178a2709e20
at org.openqa.selenium.support.ui.WebDriverWait.timeoutException(WebDriverWait.java:138)
at org.openqa.selenium.support.ui.FluentWait.until(FluentWait.java:231)
at com.learnautomation.hybrid.utility.Utility.waitForWebElement(Utility.java:29)
at com.learnautomation.hybrid.utility.Utility.getText(Utility.java:105)
at com.learnautomation.hybrid.pages.Dashboard.createAccount(Dashboard.java:44)
at com.learnautomation.hybrid.testcases.LoginTest.createAccountNew(LoginTest.java:70)
at java.base/java.util.ArrayList.forEach(ArrayList.java:1511)
... Removed 27 stack frames]]>
    </failure>
  </testcase> <!-- createAccountNew -->
  <testcase classname="com.learnautomation.hybrid.testcases.LoginTest" name="createAccount" time="0.0">
    <ignored/>
  </testcase> <!-- createAccount -->
</testsuite> <!-- Test -->
